mode: set
github.com/murilogilfelpeto/primeapp/main.go:12.13,21.2 6 0
github.com/murilogilfelpeto/primeapp/main.go:23.54,26.6 2 1
github.com/murilogilfelpeto/primeapp/main.go:26.6,28.11 2 1
github.com/murilogilfelpeto/primeapp/main.go:28.11,31.4 2 1
github.com/murilogilfelpeto/primeapp/main.go:33.3,34.11 2 1
github.com/murilogilfelpeto/primeapp/main.go:38.58,42.35 3 1
github.com/murilogilfelpeto/primeapp/main.go:42.35,44.3 1 1
github.com/murilogilfelpeto/primeapp/main.go:46.2,47.16 2 1
github.com/murilogilfelpeto/primeapp/main.go:47.16,49.3 1 1
github.com/murilogilfelpeto/primeapp/main.go:51.2,52.19 2 1
github.com/murilogilfelpeto/primeapp/main.go:55.14,59.2 3 1
github.com/murilogilfelpeto/primeapp/main.go:61.15,63.2 1 1
github.com/murilogilfelpeto/primeapp/main.go:65.36,66.11 1 1
github.com/murilogilfelpeto/primeapp/main.go:66.11,68.3 1 1
github.com/murilogilfelpeto/primeapp/main.go:70.2,70.25 1 1
github.com/murilogilfelpeto/primeapp/main.go:70.25,71.15 1 1
github.com/murilogilfelpeto/primeapp/main.go:71.15,73.4 1 1
github.com/murilogilfelpeto/primeapp/main.go:75.2,75.53 1 1
